app/build/intermediates/manifest_merge_blame_file/debug/processDebugMainManifest/manifest-merger-blame-debug-report.txt
1<?xml version="1.0" encoding="utf-8"?>
2<manifest xmlns:android="http://schemas.android.com/apk/res/android"
3    package="org.phonevision"
4    android:versionCode="1"
5    android:versionName="0.1" >
6
7    <uses-sdk
7-->INJECTED
8        android:minSdkVersion="26"
8-->INJECTED
9        android:targetSdkVersion="36" />
9-->INJECTED
10
11    <uses-permission android:name="android.permission.CAMERA" />
11-->src/main/AndroidManifest.xml:3:5-65
11-->src/main/AndroidManifest.xml:3:22-62
12    <uses-permission android:name="android.permission.INTERNET" />
12-->src/main/AndroidManifest.xml:4:5-67
12-->src/main/AndroidManifest.xml:4:22-64
13    <uses-permission android:name="android.permission.ACCESS_NETWORK_STATE" />
13-->src/main/AndroidManifest.xml:5:5-79
13-->src/main/AndroidManifest.xml:5:22-76
14    <uses-permission android:name="android.permission.WAKE_LOCK" />
14-->src/main/AndroidManifest.xml:6:5-68
14-->src/main/AndroidManifest.xml:6:22-65
15    <uses-permission android:name="android.permission.FOREGROUND_SERVICE" />
15-->src/main/AndroidManifest.xml:7:5-77
15-->src/main/AndroidManifest.xml:7:22-74
16    <uses-permission android:name="android.permission.FOREGROUND_SERVICE_CAMERA" />
16-->src/main/AndroidManifest.xml:8:5-84
16-->src/main/AndroidManifest.xml:8:22-81
17    <uses-permission android:name="android.permission.POST_NOTIFICATIONS" />
17-->src/main/AndroidManifest.xml:9:5-77
17-->src/main/AndroidManifest.xml:9:22-74
18    <uses-permission android:name="android.permission.REQUEST_IGNORE_BATTERY_OPTIMIZATIONS" />
18-->src/main/AndroidManifest.xml:10:5-95
18-->src/main/AndroidManifest.xml:10:22-92
19
20    <uses-feature android:name="android.hardware.camera" />
20-->src/main/AndroidManifest.xml:11:5-60
20-->src/main/AndroidManifest.xml:11:19-57
21
22    <application
22-->src/main/AndroidManifest.xml:12:5-23:19
23        android:debuggable="true"
24        android:extractNativeLibs="false"
24-->INJECTED
25        android:label="PhoneVision"
25-->src/main/AndroidManifest.xml:12:18-45
26        android:theme="@android:style/Theme.Material.NoActionBar.Fullscreen" >
26-->src/main/AndroidManifest.xml:12:46-114
27        <service
27-->src/main/AndroidManifest.xml:13:9-117
28            android:name="org.phonevision.KeepAliveService"
28-->src/main/AndroidManifest.xml:13:18-50
29            android:exported="false"
29-->src/main/AndroidManifest.xml:13:51-75
30            android:foregroundServiceType="camera" />
30-->src/main/AndroidManifest.xml:13:76-114
31
32        <activity
32-->src/main/AndroidManifest.xml:14:9-22:20
33            android:name="org.phonevision.MainActivity"
33-->src/main/AndroidManifest.xml:14:19-47
34            android:configChanges="orientation|screenSize|keyboardHidden"
34-->src/main/AndroidManifest.xml:17:13-74
35            android:exported="true"
35-->src/main/AndroidManifest.xml:14:48-71
36            android:launchMode="singleTask"
36-->src/main/AndroidManifest.xml:15:51-82
37            android:screenOrientation="landscape"
37-->src/main/AndroidManifest.xml:15:13-50
38            android:showWhenLocked="true"
38-->src/main/AndroidManifest.xml:16:13-42
39            android:turnScreenOn="true" >
39-->src/main/AndroidManifest.xml:16:43-70
40            <intent-filter>
40-->src/main/AndroidManifest.xml:18:13-21:29
41                <action android:name="android.intent.action.MAIN" />
41-->src/main/AndroidManifest.xml:19:17-69
41-->src/main/AndroidManifest.xml:19:25-66
42
43                <category android:name="android.intent.category.LAUNCHER" />
43-->src/main/AndroidManifest.xml:20:17-77
43-->src/main/AndroidManifest.xml:20:27-74
44            </intent-filter>
45        </activity>
46    </application>
47
48</manifest>